<?xml version="1.0" encoding="UTF-8"?>
<testsuites name="jest tests" tests="27" failures="0" errors="0" time="4.099">
  <testsuite name="formatNotionBlock" errors="0" failures="0" skipped="0" timestamp="2026-09-03T02:58:20" time="0.957" tests="19">
    <testcase classname="formatNotionBlock detects Apple Music single-track embed URLs" name="formatNotionBlock detects Apple Music single-track embed URLs" time="0.006">
    </testcase>
    <testcase classname="formatNotionBlock rewrites Apple Music song video blocks to embeds directly" name="formatNotionBlock rewrites Apple Music song video blocks to embeds directly" time="0.002">
    </testcase>
    <testcase classname="formatNotionBlock rewrites external video player pages to embeds directly" name="formatNotionBlock rewrites external video player pages to embeds directly" time="0.005">
    </testcase>
    <testcase classname="formatNotionBlock leaves non-matching video blocks unchanged during direct normalization" name="formatNotionBlock leaves non-matching video blocks unchanged during direct normalization" time="0.002">
    </testcase>
    <testcase classname="formatNotionBlock normalizes Apple Music song embeds from video blocks to embed blocks" name="formatNotionBlock normalizes Apple Music song embeds from video blocks to embed blocks" time="0.003">
    </testcase>
    <testcase classname="formatNotionBlock normalizes external video player pages from video blocks to embed blocks" name="formatNotionBlock normalizes external video player pages from video blocks to embed blocks" time="0.003">
    </testcase>
    <testcase classname="formatNotionBlock relinks synced block content children to the original parent" name="formatNotionBlock relinks synced block content children to the original parent" time="0.003">
    </testcase>
    <testcase classname="formatNotionBlock relinks synced block inline children to the original parent" name="formatNotionBlock relinks synced block inline children to the original parent" time="0.001">
    </testcase>
    <testcase classname="formatNotionBlock keeps regular hosted videos as video blocks" name="formatNotionBlock keeps regular hosted videos as video blocks" time="0.002">
    </testcase>
    <testcase classname="formatNotionBlock marks newer Notion callouts with removed icons" name="formatNotionBlock marks newer Notion callouts with removed icons" time="0.001">
    </testcase>
    <testcase classname="formatNotionBlock maps newer Notion callout emoji icons to legacy renderer fields" name="formatNotionBlock maps newer Notion callout emoji icons to legacy renderer fields" time="0.001">
    </testcase>
    <testcase classname="formatNotionBlock rewrites newer Notion pdf file URLs to signed URLs" name="formatNotionBlock rewrites newer Notion pdf file URLs to signed URLs" time="0.001">
    </testcase>
    <testcase classname="formatNotionBlock does not rewrite lookalike Notion file URLs" name="formatNotionBlock does not rewrite lookalike Notion file URLs" time="0.002">
    </testcase>
    <testcase classname="formatNotionBlock detects expired cached Notion signed URLs" name="formatNotionBlock detects expired cached Notion signed URLs" time="0.001">
    </testcase>
    <testcase classname="formatNotionBlock requests a signed URL for Notion HTML attachment embeds" name="formatNotionBlock requests a signed URL for Notion HTML attachment embeds" time="0.001">
    </testcase>
    <testcase classname="formatNotionBlock loads a signed HTML attachment into the sandbox document" name="formatNotionBlock loads a signed HTML attachment into the sandbox document" time="0.002">
    </testcase>
    <testcase classname="formatNotionBlock uses stable Notion signed entry for pdf preview URLs" name="formatNotionBlock uses stable Notion signed entry for pdf preview URLs" time="0">
    </testcase>
    <testcase classname="formatNotionBlock maps Notion tab containers to internal tabs embeds" name="formatNotionBlock maps Notion tab containers to internal tabs embeds" time="0.001">
    </testcase>
    <testcase classname="formatNotionBlock maps Notion tabs containers to internal tabs embeds" name="formatNotionBlock maps Notion tabs containers to internal tabs embeds" time="0.001">
    </testcase>
  </testsuite>
  <testsuite name="NotionEmbed HTML artifact auto height" errors="0" failures="0" skipped="0" timestamp="2026-09-03T02:58:21" time="0.915" tests="8">
    <testcase classname="NotionEmbed HTML artifact auto height injects the resize bridge and applies reported content height" name="NotionEmbed HTML artifact auto height injects the resize bridge and applies reported content height" time="0.067">
    </testcase>
    <testcase classname="NotionEmbed HTML artifact auto height requests a fresh measurement when the iframe loads" name="NotionEmbed HTML artifact auto height requests a fresh measurement when the iframe loads" time="0.01">
    </testcase>
    <testcase classname="NotionEmbed HTML artifact auto height ignores resize messages from other windows or with the wrong type" name="NotionEmbed HTML artifact auto height ignores resize messages from other windows or with the wrong type" time="0.01">
    </testcase>
    <testcase classname="NotionEmbed HTML artifact auto height keeps ordinary iframe embeds unchanged" name="NotionEmbed HTML artifact auto height keeps ordinary iframe embeds unchanged" time="0.01">
    </testcase>
    <testcase classname="NotionEmbed HTML artifact auto height renders Notion tabs embeds without requiring an iframe source" name="NotionEmbed HTML artifact auto height renders Notion tabs embeds without requiring an iframe source" time="0.005">
    </testcase>
    <testcase classname="HTML artifact resize helpers normalizes and clamps reported heights" name="HTML artifact resize helpers normalizes and clamps reported heights" time="0">
    </testcase>
    <testcase classname="HTML artifact resize helpers injects a valid bridge before the closing body tag" name="HTML artifact resize helpers injects a valid bridge before the closing body tag" time="0.001">
    </testcase>
    <testcase classname="HTML artifact resize helpers falls back to the closing html tag or the end of a fragment" name="HTML artifact resize helpers falls back to the closing html tag or the end of a fragment" time="0">
    </testcase>
  </testsuite>
</testsuites>